{"numFailedTestSuites":0,"numFailedTests":0,"numPassedTestSuites":4,"numPassedTests":4,"numPendingTestSuites":0,"numPendingTests":0,"numRuntimeErrorTestSuites":0,"numTodoTests":0,"numTotalTestSuites":4,"numTotalTests":4,"openHandles":[],"snapshot":{"added":0,"didUpdate":false,"failure":false,"filesAdded":0,"filesRemoved":0,"filesRemovedList":[],"filesUnmatched":0,"filesUpdated":0,"matched":0,"total":0,"unchecked":0,"uncheckedKeysByFile":[],"unmatched":0,"updated":0},"startTime":1736118594967,"success":true,"testResults":[{"assertionResults":[{"ancestorTitles":[],"duration":32,"failureDetails":[],"failureMessages":[],"fullName":"renders sidebar links","invocations":1,"location":null,"numPassingAsserts":3,"retryReasons":[],"status":"passed","title":"renders sidebar links"}],"endTime":1736118596790,"message":"","name":"/home/jlfowle/projects/asterism/services/polaris/src/components/Sidebar.test.js","startTime":1736118595545,"status":"passed","summary":""},{"assertionResults":[{"ancestorTitles":[],"duration":30,"failureDetails":[],"failureMessages":[],"fullName":"renders the dashboard layout","invocations":1,"location":null,"numPassingAsserts":3,"retryReasons":[],"status":"passed","title":"renders the dashboard layout"}],"endTime":1736118596793,"message":"","name":"/home/jlfowle/projects/asterism/services/polaris/src/App.test.js","startTime":1736118595554,"status":"passed","summary":""},{"assertionResults":[{"ancestorTitles":[],"duration":30,"failureDetails":[],"failureMessages":[],"fullName":"renders welcome message","invocations":1,"location":null,"numPassingAsserts":2,"retryReasons":[],"status":"passed","title":"renders welcome message"}],"endTime":1736118596798,"message":"","name":"/home/jlfowle/projects/asterism/services/polaris/src/components/MainContent.test.js","startTime":1736118595551,"status":"passed","summary":""},{"assertionResults":[{"ancestorTitles":[],"duration":29,"failureDetails":[],"failureMessages":[],"fullName":"renders Polaris Dashboard title","invocations":1,"location":null,"numPassingAsserts":1,"retryReasons":[],"status":"passed","title":"renders Polaris Dashboard title"}],"endTime":1736118596815,"message":"","name":"/home/jlfowle/projects/asterism/services/polaris/src/components/Topbar.test.js","startTime":1736118595552,"status":"passed","summary":""}],"wasInterrupted":false,"coverageMap":{"/home/jlfowle/projects/asterism/services/polaris/src/components/Sidebar.js":{"path":"/home/jlfowle/projects/asterism/services/polaris/src/components/Sidebar.js","statementMap":{"0":{"start":{"line":3,"column":16},"end":{"line":11,"column":1}},"1":{"start":{"line":4,"column":2},"end":{"line":10,"column":8}}},"fnMap":{"0":{"name":"(anonymous_0)","decl":{"start":{"line":3,"column":16},"end":{"line":3,"column":17}},"loc":{"start":{"line":4,"column":2},"end":{"line":10,"column":8}},"line":4}},"branchMap":{},"s":{"0":2,"1":2},"f":{"0":2},"b":{},"_coverageSchema":"1a1c01bbd47fc00a2c39e90264f33305004495a9","hash":"ce84607adccac7e87c65c7939164b9bbb5440887"},"/home/jlfowle/projects/asterism/services/polaris/src/components/Topbar.js":{"path":"/home/jlfowle/projects/asterism/services/polaris/src/components/Topbar.js","statementMap":{"0":{"start":{"line":3,"column":15},"end":{"line":7,"column":1}},"1":{"start":{"line":4,"column":2},"end":{"line":6,"column":8}}},"fnMap":{"0":{"name":"(anonymous_0)","decl":{"start":{"line":3,"column":15},"end":{"line":3,"column":16}},"loc":{"start":{"line":4,"column":2},"end":{"line":6,"column":8}},"line":4}},"branchMap":{},"s":{"0":2,"1":2},"f":{"0":2},"b":{},"_coverageSchema":"1a1c01bbd47fc00a2c39e90264f33305004495a9","hash":"a10ecaf98154b0509539f4831e343e8ccb060e16"},"/home/jlfowle/projects/asterism/services/polaris/src/components/MainContent.js":{"path":"/home/jlfowle/projects/asterism/services/polaris/src/components/MainContent.js","statementMap":{"0":{"start":{"line":3,"column":20},"end":{"line":8,"column":1}},"1":{"start":{"line":4,"column":2},"end":{"line":7,"column":8}}},"fnMap":{"0":{"name":"(anonymous_0)","decl":{"start":{"line":3,"column":20},"end":{"line":3,"column":21}},"loc":{"start":{"line":4,"column":2},"end":{"line":7,"column":8}},"line":4}},"branchMap":{},"s":{"0":2,"1":2},"f":{"0":2},"b":{},"_coverageSchema":"1a1c01bbd47fc00a2c39e90264f33305004495a9","hash":"d217b10579957329d572b0ecc525ff2847860b4f"},"/home/jlfowle/projects/asterism/services/polaris/src/App.js":{"path":"/home/jlfowle/projects/asterism/services/polaris/src/App.js","statementMap":{"0":{"start":{"line":7,"column":12},"end":{"line":15,"column":1}},"1":{"start":{"line":8,"column":2},"end":{"line":14,"column":8}}},"fnMap":{"0":{"name":"(anonymous_0)","decl":{"start":{"line":7,"column":12},"end":{"line":7,"column":13}},"loc":{"start":{"line":8,"column":2},"end":{"line":14,"column":8}},"line":8}},"branchMap":{},"s":{"0":1,"1":1},"f":{"0":1},"b":{},"_coverageSchema":"1a1c01bbd47fc00a2c39e90264f33305004495a9","hash":"61c0f4fc448ca22b631b83491935567a99a2cf2f"}}}
