{"numFailedTestSuites":0,"numFailedTests":0,"numPassedTestSuites":4,"numPassedTests":5,"numPendingTestSuites":0,"numPendingTests":0,"numRuntimeErrorTestSuites":0,"numTodoTests":0,"numTotalTestSuites":4,"numTotalTests":5,"openHandles":[],"snapshot":{"added":0,"didUpdate":false,"failure":false,"filesAdded":0,"filesRemoved":0,"filesRemovedList":[],"filesUnmatched":0,"filesUpdated":0,"matched":0,"total":0,"unchecked":0,"uncheckedKeysByFile":[],"unmatched":0,"updated":0},"startTime":1774836560129,"success":true,"testResults":[{"assertionResults":[{"ancestorTitles":[],"duration":21,"failureDetails":[],"failureMessages":[],"fullName":"renders Polaris mission console title","invocations":1,"location":null,"numPassingAsserts":1,"retryReasons":[],"status":"passed","title":"renders Polaris mission console title"}],"endTime":1774836562006,"message":"","name":"/workspaces/asterism/services/polaris/src/components/Topbar.test.js","startTime":1774836560835,"status":"passed","summary":""},{"assertionResults":[{"ancestorTitles":[],"duration":27,"failureDetails":[],"failureMessages":[],"fullName":"renders sidebar links","invocations":1,"location":null,"numPassingAsserts":3,"retryReasons":[],"status":"passed","title":"renders sidebar links"}],"endTime":1774836562012,"message":"","name":"/workspaces/asterism/services/polaris/src/components/Sidebar.test.js","startTime":1774836560836,"status":"passed","summary":""},{"assertionResults":[{"ancestorTitles":[],"duration":31,"failureDetails":[],"failureMessages":[],"fullName":"renders welcome message","invocations":1,"location":null,"numPassingAsserts":4,"retryReasons":[],"status":"passed","title":"renders welcome message"},{"ancestorTitles":[],"duration":25,"failureDetails":[],"failureMessages":[],"fullName":"hydrates cards from service-owned module manifests","invocations":1,"location":null,"numPassingAsserts":2,"retryReasons":[],"status":"passed","title":"hydrates cards from service-owned module manifests"}],"endTime":1774836562292,"message":"","name":"/workspaces/asterism/services/polaris/src/components/MainContent.test.js","startTime":1774836560835,"status":"passed","summary":""},{"assertionResults":[{"ancestorTitles":[],"duration":31,"failureDetails":[],"failureMessages":[],"fullName":"renders the dashboard layout","invocations":1,"location":null,"numPassingAsserts":4,"retryReasons":[],"status":"passed","title":"renders the dashboard layout"}],"endTime":1774836562351,"message":"","name":"/workspaces/asterism/services/polaris/src/App.test.js","startTime":1774836560835,"status":"passed","summary":""}],"wasInterrupted":false,"coverageMap":{"/workspaces/asterism/services/polaris/src/components/Topbar.js":{"path":"/workspaces/asterism/services/polaris/src/components/Topbar.js","statementMap":{"0":{"start":{"line":3,"column":15},"end":{"line":12,"column":1}},"1":{"start":{"line":4,"column":2},"end":{"line":11,"column":11}}},"fnMap":{"0":{"name":"(anonymous_0)","decl":{"start":{"line":3,"column":15},"end":{"line":3,"column":16}},"loc":{"start":{"line":4,"column":2},"end":{"line":11,"column":11}},"line":4}},"branchMap":{},"s":{"0":2,"1":2},"f":{"0":2},"b":{},"_coverageSchema":"1a1c01bbd47fc00a2c39e90264f33305004495a9","hash":"22ec1b9398607ac2fb77c495825d54ffce4630f2"},"/workspaces/asterism/services/polaris/src/components/Sidebar.js":{"path":"/workspaces/asterism/services/polaris/src/components/Sidebar.js","statementMap":{"0":{"start":{"line":3,"column":16},"end":{"line":18,"column":1}},"1":{"start":{"line":4,"column":2},"end":{"line":17,"column":10}}},"fnMap":{"0":{"name":"(anonymous_0)","decl":{"start":{"line":3,"column":16},"end":{"line":3,"column":17}},"loc":{"start":{"line":4,"column":2},"end":{"line":17,"column":10}},"line":4}},"branchMap":{},"s":{"0":2,"1":2},"f":{"0":2},"b":{},"_coverageSchema":"1a1c01bbd47fc00a2c39e90264f33305004495a9","hash":"b0f30d8e130ddd5c3eb01bad3b2c57e2dedd523c"},"/workspaces/asterism/services/polaris/src/components/MainContent.js":{"path":"/workspaces/asterism/services/polaris/src/components/MainContent.js","statementMap":{"0":{"start":{"line":3,"column":26},"end":{"line":25,"column":1}},"1":{"start":{"line":27,"column":21},"end":{"line":32,"column":1}},"2":{"start":{"line":34,"column":26},"end":{"line":43,"column":2}},"3":{"start":{"line":34,"column":40},"end":{"line":43,"column":1}},"4":{"start":{"line":45,"column":24},"end":{"line":61,"column":1}},"5":{"start":{"line":46,"column":2},"end":{"line":48,"column":3}},"6":{"start":{"line":47,"column":4},"end":{"line":47,"column":14}},"7":{"start":{"line":50,"column":2},"end":{"line":52,"column":3}},"8":{"start":{"line":51,"column":4},"end":{"line":51,"column":21}},"9":{"start":{"line":54,"column":2},"end":{"line":56,"column":3}},"10":{"start":{"line":55,"column":4},"end":{"line":55,"column":67}},"11":{"start":{"line":58,"column":25},"end":{"line":58,"column":52}},"12":{"start":{"line":59,"column":25},"end":{"line":59,"column":80}},"13":{"start":{"line":60,"column":2},"end":{"line":60,"column":46}},"14":{"start":{"line":63,"column":22},"end":{"line":74,"column":1}},"15":{"start":{"line":64,"column":19},"end":{"line":64,"column":45}},"16":{"start":{"line":65,"column":16},"end":{"line":67,"column":20}},"17":{"start":{"line":66,"column":34},"end":{"line":66,"column":105}},"18":{"start":{"line":69,"column":2},"end":{"line":73,"column":4}},"19":{"start":{"line":76,"column":24},"end":{"line":103,"column":1}},"20":{"start":{"line":77,"column":2},"end":{"line":79,"column":3}},"21":{"start":{"line":78,"column":4},"end":{"line":78,"column":48}},"22":{"start":{"line":81,"column":2},"end":{"line":102,"column":3}},"23":{"start":{"line":82,"column":26},"end":{"line":82,"column":76}},"24":{"start":{"line":83,"column":23},"end":{"line":83,"column":78}},"25":{"start":{"line":84,"column":32},"end":{"line":84,"column":59}},"26":{"start":{"line":86,"column":4},"end":{"line":88,"column":5}},"27":{"start":{"line":87,"column":6},"end":{"line":87,"column":50}},"28":{"start":{"line":90,"column":17},"end":{"line":97,"column":6}},"29":{"start":{"line":99,"column":4},"end":{"line":99,"column":40}},"30":{"start":{"line":101,"column":4},"end":{"line":101,"column":48}},"31":{"start":{"line":105,"column":22},"end":{"line":161,"column":1}},"32":{"start":{"line":106,"column":2},"end":{"line":111,"column":3}},"33":{"start":{"line":107,"column":4},"end":{"line":110,"column":6}},"34":{"start":{"line":113,"column":2},"end":{"line":160,"column":3}},"35":{"start":{"line":114,"column":21},"end":{"line":118,"column":6}},"36":{"start":{"line":120,"column":4},"end":{"line":125,"column":5}},"37":{"start":{"line":121,"column":6},"end":{"line":124,"column":8}},"38":{"start":{"line":127,"column":21},"end":{"line":127,"column":42}},"39":{"start":{"line":128,"column":26},"end":{"line":130,"column":10}},"40":{"start":{"line":131,"column":22},"end":{"line":131,"column":111}},"41":{"start":{"line":132,"column":28},"end":{"line":136,"column":5}},"42":{"start":{"line":137,"column":25},"end":{"line":146,"column":5}},"43":{"start":{"line":147,"column":23},"end":{"line":147,"column":83}},"44":{"start":{"line":148,"column":17},"end":{"line":148,"column":91}},"45":{"start":{"line":150,"column":4},"end":{"line":154,"column":6}},"46":{"start":{"line":156,"column":4},"end":{"line":159,"column":6}},"47":{"start":{"line":163,"column":20},"end":{"line":355,"column":1}},"48":{"start":{"line":164,"column":34},"end":{"line":169,"column":4}},"49":{"start":{"line":165,"column":4},"end":{"line":168,"column":7}},"50":{"start":{"line":165,"column":40},"end":{"line":168,"column":5}},"51":{"start":{"line":170,"column":48},"end":{"line":170,"column":60}},"52":{"start":{"line":172,"column":2},"end":{"line":205,"column":9}},"53":{"start":{"line":173,"column":20},"end":{"line":173,"column":24}},"54":{"start":{"line":175,"column":25},"end":{"line":198,"column":5}},"55":{"start":{"line":176,"column":29},"end":{"line":176,"column":46}},"56":{"start":{"line":178,"column":6},"end":{"line":180,"column":7}},"57":{"start":{"line":179,"column":8},"end":{"line":179,"column":15}},"58":{"start":{"line":182,"column":6},"end":{"line":192,"column":7}},"59":{"start":{"line":183,"column":25},"end":{"line":183,"column":60}},"60":{"start":{"line":184,"column":8},"end":{"line":189,"column":9}},"61":{"start":{"line":185,"column":26},"end":{"line":185,"column":47}},"62":{"start":{"line":186,"column":10},"end":{"line":188,"column":11}},"63":{"start":{"line":187,"column":12},"end":{"line":187,"column":48}},"64":{"start":{"line":194,"column":31},"end":{"line":194,"column":107}},"65":{"start":{"line":194,"column":83},"end":{"line":194,"column":105}},"66":{"start":{"line":195,"column":6},"end":{"line":197,"column":7}},"67":{"start":{"line":196,"column":8},"end":{"line":196,"column":38}},"68":{"start":{"line":200,"column":4},"end":{"line":200,"column":19}},"69":{"start":{"line":202,"column":4},"end":{"line":204,"column":6}},"70":{"start":{"line":203,"column":6},"end":{"line":203,"column":24}},"71":{"start":{"line":207,"column":2},"end":{"line":278,"column":17}},"72":{"start":{"line":208,"column":4},"end":{"line":210,"column":5}},"73":{"start":{"line":209,"column":6},"end":{"line":209,"column":13}},"74":{"start":{"line":212,"column":20},"end":{"line":212,"column":24}},"75":{"start":{"line":214,"column":24},"end":{"line":269,"column":5}},"76":{"start":{"line":215,"column":6},"end":{"line":220,"column":10}},"77":{"start":{"line":215,"column":39},"end":{"line":220,"column":7}},"78":{"start":{"line":222,"column":6},"end":{"line":268,"column":7}},"79":{"start":{"line":223,"column":25},"end":{"line":227,"column":10}},"80":{"start":{"line":229,"column":8},"end":{"line":242,"column":9}},"81":{"start":{"line":230,"column":10},"end":{"line":232,"column":11}},"82":{"start":{"line":231,"column":12},"end":{"line":231,"column":19}},"83":{"start":{"line":234,"column":10},"end":{"line":240,"column":14}},"84":{"start":{"line":234,"column":43},"end":{"line":240,"column":11}},"85":{"start":{"line":241,"column":10},"end":{"line":241,"column":17}},"86":{"start":{"line":244,"column":24},"end":{"line":244,"column":45}},"87":{"start":{"line":245,"column":8},"end":{"line":247,"column":9}},"88":{"start":{"line":246,"column":10},"end":{"line":246,"column":17}},"89":{"start":{"line":249,"column":8},"end":{"line":255,"column":12}},"90":{"start":{"line":249,"column":41},"end":{"line":255,"column":9}},"91":{"start":{"line":257,"column":8},"end":{"line":259,"column":9}},"92":{"start":{"line":258,"column":10},"end":{"line":258,"column":17}},"93":{"start":{"line":261,"column":8},"end":{"line":267,"column":12}},"94":{"start":{"line":261,"column":41},"end":{"line":267,"column":9}},"95":{"start":{"line":271,"column":4},"end":{"line":273,"column":7}},"96":{"start":{"line":272,"column":6},"end":{"line":272,"column":27}},"97":{"start":{"line":275,"column":4},"end":{"line":277,"column":6}},"98":{"start":{"line":276,"column":6},"end":{"line":276,"column":24}},"99":{"start":{"line":280,"column":20},"end":{"line":283,"column":23}},"100":{"start":{"line":281,"column":20},"end":{"line":281,"column":50}},"101":{"start":{"line":282,"column":4},"end":{"line":282,"column":81}},"102":{"start":{"line":282,"column":37},"end":{"line":282,"column":72}},"103":{"start":{"line":285,"column":2},"end":{"line":354,"column":4}},"104":{"start":{"line":307,"column":27},"end":{"line":307,"column":86}},"105":{"start":{"line":308,"column":30},"end":{"line":308,"column":65}},"106":{"start":{"line":309,"column":26},"end":{"line":311,"column":16}},"107":{"start":{"line":312,"column":23},"end":{"line":312,"column":65}},"108":{"start":{"line":314,"column":10},"end":{"line":350,"column":12}},"109":{"start":{"line":337,"column":16},"end":{"line":340,"column":22}},"110":{"start":{"line":345,"column":16},"end":{"line":347,"column":20}}},"fnMap":{"0":{"name":"(anonymous_0)","decl":{"start":{"line":34,"column":26},"end":{"line":34,"column":27}},"loc":{"start":{"line":34,"column":40},"end":{"line":43,"column":1}},"line":34},"1":{"name":"(anonymous_1)","decl":{"start":{"line":45,"column":24},"end":{"line":45,"column":25}},"loc":{"start":{"line":45,"column":49},"end":{"line":61,"column":1}},"line":45},"2":{"name":"(anonymous_2)","decl":{"start":{"line":63,"column":22},"end":{"line":63,"column":23}},"loc":{"start":{"line":63,"column":41},"end":{"line":74,"column":1}},"line":63},"3":{"name":"(anonymous_3)","decl":{"start":{"line":66,"column":24},"end":{"line":66,"column":25}},"loc":{"start":{"line":66,"column":34},"end":{"line":66,"column":105}},"line":66},"4":{"name":"(anonymous_4)","decl":{"start":{"line":76,"column":24},"end":{"line":76,"column":25}},"loc":{"start":{"line":76,"column":79},"end":{"line":103,"column":1}},"line":76},"5":{"name":"(anonymous_5)","decl":{"start":{"line":105,"column":22},"end":{"line":105,"column":23}},"loc":{"start":{"line":105,"column":41},"end":{"line":161,"column":1}},"line":105},"6":{"name":"(anonymous_6)","decl":{"start":{"line":163,"column":20},"end":{"line":163,"column":21}},"loc":{"start":{"line":163,"column":26},"end":{"line":355,"column":1}},"line":163},"7":{"name":"(anonymous_7)","decl":{"start":{"line":164,"column":43},"end":{"line":164,"column":44}},"loc":{"start":{"line":165,"column":4},"end":{"line":168,"column":7}},"line":165},"8":{"name":"(anonymous_8)","decl":{"start":{"line":165,"column":26},"end":{"line":165,"column":27}},"loc":{"start":{"line":165,"column":40},"end":{"line":168,"column":5}},"line":165},"9":{"name":"(anonymous_9)","decl":{"start":{"line":172,"column":12},"end":{"line":172,"column":13}},"loc":{"start":{"line":172,"column":18},"end":{"line":205,"column":3}},"line":172},"10":{"name":"(anonymous_10)","decl":{"start":{"line":175,"column":25},"end":{"line":175,"column":26}},"loc":{"start":{"line":175,"column":37},"end":{"line":198,"column":5}},"line":175},"11":{"name":"(anonymous_11)","decl":{"start":{"line":194,"column":70},"end":{"line":194,"column":71}},"loc":{"start":{"line":194,"column":83},"end":{"line":194,"column":105}},"line":194},"12":{"name":"(anonymous_12)","decl":{"start":{"line":202,"column":11},"end":{"line":202,"column":12}},"loc":{"start":{"line":202,"column":17},"end":{"line":204,"column":5}},"line":202},"13":{"name":"(anonymous_13)","decl":{"start":{"line":207,"column":12},"end":{"line":207,"column":13}},"loc":{"start":{"line":207,"column":18},"end":{"line":278,"column":3}},"line":207},"14":{"name":"(anonymous_14)","decl":{"start":{"line":214,"column":24},"end":{"line":214,"column":25}},"loc":{"start":{"line":214,"column":43},"end":{"line":269,"column":5}},"line":214},"15":{"name":"(anonymous_15)","decl":{"start":{"line":215,"column":25},"end":{"line":215,"column":26}},"loc":{"start":{"line":215,"column":39},"end":{"line":220,"column":7}},"line":215},"16":{"name":"(anonymous_16)","decl":{"start":{"line":234,"column":29},"end":{"line":234,"column":30}},"loc":{"start":{"line":234,"column":43},"end":{"line":240,"column":11}},"line":234},"17":{"name":"(anonymous_17)","decl":{"start":{"line":249,"column":27},"end":{"line":249,"column":28}},"loc":{"start":{"line":249,"column":41},"end":{"line":255,"column":9}},"line":249},"18":{"name":"(anonymous_18)","decl":{"start":{"line":261,"column":27},"end":{"line":261,"column":28}},"loc":{"start":{"line":261,"column":41},"end":{"line":267,"column":9}},"line":261},"19":{"name":"(anonymous_19)","decl":{"start":{"line":271,"column":21},"end":{"line":271,"column":22}},"loc":{"start":{"line":271,"column":34},"end":{"line":273,"column":5}},"line":271},"20":{"name":"(anonymous_20)","decl":{"start":{"line":275,"column":11},"end":{"line":275,"column":12}},"loc":{"start":{"line":275,"column":17},"end":{"line":277,"column":5}},"line":275},"21":{"name":"(anonymous_21)","decl":{"start":{"line":280,"column":28},"end":{"line":280,"column":29}},"loc":{"start":{"line":280,"column":34},"end":{"line":283,"column":3}},"line":280},"22":{"name":"(anonymous_22)","decl":{"start":{"line":282,"column":26},"end":{"line":282,"column":27}},"loc":{"start":{"line":282,"column":37},"end":{"line":282,"column":72}},"line":282},"23":{"name":"(anonymous_23)","decl":{"start":{"line":306,"column":22},"end":{"line":306,"column":23}},"loc":{"start":{"line":306,"column":35},"end":{"line":351,"column":9}},"line":306},"24":{"name":"(anonymous_24)","decl":{"start":{"line":336,"column":52},"end":{"line":336,"column":53}},"loc":{"start":{"line":337,"column":16},"end":{"line":340,"column":22}},"line":337},"25":{"name":"(anonymous_25)","decl":{"start":{"line":344,"column":30},"end":{"line":344,"column":31}},"loc":{"start":{"line":345,"column":16},"end":{"line":347,"column":20}},"line":345}},"branchMap":{"0":{"loc":{"start":{"line":46,"column":2},"end":{"line":48,"column":3}},"type":"if","locations":[{"start":{"line":46,"column":2},"end":{"line":48,"column":3}},{"start":{},"end":{}}],"line":46},"1":{"loc":{"start":{"line":46,"column":6},"end":{"line":46,"column":49}},"type":"binary-expr","locations":[{"start":{"line":46,"column":6},"end":{"line":46,"column":16}},{"start":{"line":46,"column":20},"end":{"line":46,"column":49}}],"line":46},"2":{"loc":{"start":{"line":50,"column":2},"end":{"line":52,"column":3}},"type":"if","locations":[{"start":{"line":50,"column":2},"end":{"line":52,"column":3}},{"start":{},"end":{}}],"line":50},"3":{"loc":{"start":{"line":54,"column":2},"end":{"line":56,"column":3}},"type":"if","locations":[{"start":{"line":54,"column":2},"end":{"line":56,"column":3}},{"start":{},"end":{}}],"line":54},"4":{"loc":{"start":{"line":55,"column":11},"end":{"line":55,"column":66}},"type":"cond-expr","locations":[{"start":{"line":55,"column":39},"end":{"line":55,"column":48}},{"start":{"line":55,"column":51},"end":{"line":55,"column":66}}],"line":55},"5":{"loc":{"start":{"line":59,"column":25},"end":{"line":59,"column":80}},"type":"cond-expr","locations":[{"start":{"line":59,"column":53},"end":{"line":59,"column":62}},{"start":{"line":59,"column":65},"end":{"line":59,"column":80}}],"line":59},"6":{"loc":{"start":{"line":65,"column":16},"end":{"line":67,"column":20}},"type":"cond-expr","locations":[{"start":{"line":66,"column":6},"end":{"line":66,"column":106}},{"start":{"line":67,"column":6},"end":{"line":67,"column":20}}],"line":65},"7":{"loc":{"start":{"line":66,"column":34},"end":{"line":66,"column":105}},"type":"binary-expr","locations":[{"start":{"line":66,"column":34},"end":{"line":66,"column":38}},{"start":{"line":66,"column":42},"end":{"line":66,"column":72}},{"start":{"line":66,"column":76},"end":{"line":66,"column":105}}],"line":66},"8":{"loc":{"start":{"line":70,"column":11},"end":{"line":70,"column":40}},"type":"binary-expr","locations":[{"start":{"line":70,"column":11},"end":{"line":70,"column":22}},{"start":{"line":70,"column":26},"end":{"line":70,"column":40}}],"line":70},"9":{"loc":{"start":{"line":71,"column":17},"end":{"line":71,"column":58}},"type":"binary-expr","locations":[{"start":{"line":71,"column":17},"end":{"line":71,"column":34}},{"start":{"line":71,"column":38},"end":{"line":71,"column":58}}],"line":71},"10":{"loc":{"start":{"line":72,"column":11},"end":{"line":72,"column":52}},"type":"cond-expr","locations":[{"start":{"line":72,"column":30},"end":{"line":72,"column":35}},{"start":{"line":72,"column":38},"end":{"line":72,"column":52}}],"line":72},"11":{"loc":{"start":{"line":77,"column":2},"end":{"line":79,"column":3}},"type":"if","locations":[{"start":{"line":77,"column":2},"end":{"line":79,"column":3}},{"start":{},"end":{}}],"line":77},"12":{"loc":{"start":{"line":83,"column":23},"end":{"line":83,"column":78}},"type":"binary-expr","locations":[{"start":{"line":83,"column":23},"end":{"line":83,"column":53}},{"start":{"line":83,"column":57},"end":{"line":83,"column":78}}],"line":83},"13":{"loc":{"start":{"line":86,"column":4},"end":{"line":88,"column":5}},"type":"if","locations":[{"start":{"line":86,"column":4},"end":{"line":88,"column":5}},{"start":{},"end":{}}],"line":86},"14":{"loc":{"start":{"line":106,"column":2},"end":{"line":111,"column":3}},"type":"if","locations":[{"start":{"line":106,"column":2},"end":{"line":111,"column":3}},{"start":{},"end":{}}],"line":106},"15":{"loc":{"start":{"line":106,"column":6},"end":{"line":106,"column":60}},"type":"binary-expr","locations":[{"start":{"line":106,"column":6},"end":{"line":106,"column":33}},{"start":{"line":106,"column":37},"end":{"line":106,"column":60}}],"line":106},"16":{"loc":{"start":{"line":120,"column":4},"end":{"line":125,"column":5}},"type":"if","locations":[{"start":{"line":120,"column":4},"end":{"line":125,"column":5}},{"start":{},"end":{}}],"line":120},"17":{"loc":{"start":{"line":128,"column":26},"end":{"line":130,"column":10}},"type":"cond-expr","locations":[{"start":{"line":129,"column":8},"end":{"line":129,"column":30}},{"start":{"line":130,"column":8},"end":{"line":130,"column":10}}],"line":128},"18":{"loc":{"start":{"line":128,"column":26},"end":{"line":128,"column":95}},"type":"binary-expr","locations":[{"start":{"line":128,"column":26},"end":{"line":128,"column":49}},{"start":{"line":128,"column":53},"end":{"line":128,"column":95}}],"line":128},"19":{"loc":{"start":{"line":131,"column":22},"end":{"line":131,"column":111}},"type":"binary-expr","locations":[{"start":{"line":131,"column":22},"end":{"line":131,"column":90}},{"start":{"line":131,"column":94},"end":{"line":131,"column":111}}],"line":131},"20":{"loc":{"start":{"line":134,"column":19},"end":{"line":134,"column":63}},"type":"binary-expr","locations":[{"start":{"line":134,"column":19},"end":{"line":134,"column":40}},{"start":{"line":134,"column":44},"end":{"line":134,"column":63}}],"line":134},"21":{"loc":{"start":{"line":138,"column":13},"end":{"line":138,"column":63}},"type":"binary-expr","locations":[{"start":{"line":138,"column":13},"end":{"line":138,"column":32}},{"start":{"line":138,"column":36},"end":{"line":138,"column":63}}],"line":138},"22":{"loc":{"start":{"line":139,"column":19},"end":{"line":139,"column":67}},"type":"binary-expr","locations":[{"start":{"line":139,"column":19},"end":{"line":139,"column":44}},{"start":{"line":139,"column":48},"end":{"line":139,"column":67}}],"line":139},"23":{"loc":{"start":{"line":178,"column":6},"end":{"line":180,"column":7}},"type":"if","locations":[{"start":{"line":178,"column":6},"end":{"line":180,"column":7}},{"start":{},"end":{}}],"line":178},"24":{"loc":{"start":{"line":184,"column":8},"end":{"line":189,"column":9}},"type":"if","locations":[{"start":{"line":184,"column":8},"end":{"line":189,"column":9}},{"start":{},"end":{}}],"line":184},"25":{"loc":{"start":{"line":186,"column":10},"end":{"line":188,"column":11}},"type":"if","locations":[{"start":{"line":186,"column":10},"end":{"line":188,"column":11}},{"start":{},"end":{}}],"line":186},"26":{"loc":{"start":{"line":186,"column":14},"end":{"line":186,"column":76}},"type":"binary-expr","locations":[{"start":{"line":186,"column":14},"end":{"line":186,"column":45}},{"start":{"line":186,"column":49},"end":{"line":186,"column":76}}],"line":186},"27":{"loc":{"start":{"line":195,"column":6},"end":{"line":197,"column":7}},"type":"if","locations":[{"start":{"line":195,"column":6},"end":{"line":197,"column":7}},{"start":{},"end":{}}],"line":195},"28":{"loc":{"start":{"line":208,"column":4},"end":{"line":210,"column":5}},"type":"if","locations":[{"start":{"line":208,"column":4},"end":{"line":210,"column":5}},{"start":{},"end":{}}],"line":208},"29":{"loc":{"start":{"line":229,"column":8},"end":{"line":242,"column":9}},"type":"if","locations":[{"start":{"line":229,"column":8},"end":{"line":242,"column":9}},{"start":{},"end":{}}],"line":229},"30":{"loc":{"start":{"line":230,"column":10},"end":{"line":232,"column":11}},"type":"if","locations":[{"start":{"line":230,"column":10},"end":{"line":232,"column":11}},{"start":{},"end":{}}],"line":230},"31":{"loc":{"start":{"line":245,"column":8},"end":{"line":247,"column":9}},"type":"if","locations":[{"start":{"line":245,"column":8},"end":{"line":247,"column":9}},{"start":{},"end":{}}],"line":245},"32":{"loc":{"start":{"line":257,"column":8},"end":{"line":259,"column":9}},"type":"if","locations":[{"start":{"line":257,"column":8},"end":{"line":259,"column":9}},{"start":{},"end":{}}],"line":257},"33":{"loc":{"start":{"line":307,"column":27},"end":{"line":307,"column":86}},"type":"binary-expr","locations":[{"start":{"line":307,"column":27},"end":{"line":307,"column":54}},{"start":{"line":307,"column":58},"end":{"line":307,"column":86}}],"line":307},"34":{"loc":{"start":{"line":308,"column":30},"end":{"line":308,"column":65}},"type":"binary-expr","locations":[{"start":{"line":308,"column":30},"end":{"line":308,"column":59}},{"start":{"line":308,"column":63},"end":{"line":308,"column":65}}],"line":308},"35":{"loc":{"start":{"line":309,"column":26},"end":{"line":311,"column":16}},"type":"cond-expr","locations":[{"start":{"line":310,"column":14},"end":{"line":310,"column":33}},{"start":{"line":311,"column":14},"end":{"line":311,"column":16}}],"line":309},"36":{"loc":{"start":{"line":309,"column":26},"end":{"line":309,"column":88}},"type":"binary-expr","locations":[{"start":{"line":309,"column":26},"end":{"line":309,"column":45}},{"start":{"line":309,"column":49},"end":{"line":309,"column":88}}],"line":309},"37":{"loc":{"start":{"line":312,"column":23},"end":{"line":312,"column":65}},"type":"binary-expr","locations":[{"start":{"line":312,"column":23},"end":{"line":312,"column":35}},{"start":{"line":312,"column":39},"end":{"line":312,"column":65}}],"line":312},"38":{"loc":{"start":{"line":325,"column":25},"end":{"line":325,"column":117}},"type":"cond-expr","locations":[{"start":{"line":325,"column":49},"end":{"line":325,"column":60}},{"start":{"line":325,"column":63},"end":{"line":325,"column":117}}],"line":325},"39":{"loc":{"start":{"line":325,"column":63},"end":{"line":325,"column":117}},"type":"cond-expr","locations":[{"start":{"line":325,"column":88},"end":{"line":325,"column":98}},{"start":{"line":325,"column":101},"end":{"line":325,"column":117}}],"line":325},"40":{"loc":{"start":{"line":329,"column":25},"end":{"line":329,"column":86}},"type":"cond-expr","locations":[{"start":{"line":329,"column":49},"end":{"line":329,"column":78}},{"start":{"line":329,"column":81},"end":{"line":329,"column":86}}],"line":329},"41":{"loc":{"start":{"line":333,"column":25},"end":{"line":333,"column":56}},"type":"binary-expr","locations":[{"start":{"line":333,"column":25},"end":{"line":333,"column":47}},{"start":{"line":333,"column":51},"end":{"line":333,"column":56}}],"line":333},"42":{"loc":{"start":{"line":343,"column":46},"end":{"line":343,"column":119}},"type":"binary-expr","locations":[{"start":{"line":343,"column":46},"end":{"line":343,"column":65}},{"start":{"line":343,"column":69},"end":{"line":343,"column":83}},{"start":{"line":343,"column":87},"end":{"line":343,"column":119}}],"line":343}},"s":{"0":2,"1":2,"2":2,"3":10,"4":2,"5":2,"6":0,"7":2,"8":0,"9":2,"10":0,"11":2,"12":2,"13":2,"14":2,"15":1,"16":1,"17":1,"18":1,"19":2,"20":1,"21":0,"22":1,"23":1,"24":0,"25":0,"26":0,"27":0,"28":0,"29":0,"30":1,"31":2,"32":1,"33":0,"34":1,"35":1,"36":1,"37":0,"38":1,"39":1,"40":1,"41":1,"42":1,"43":1,"44":1,"45":1,"46":0,"47":2,"48":6,"49":3,"50":9,"51":6,"52":6,"53":3,"54":3,"55":3,"56":3,"57":2,"58":1,"59":1,"60":1,"61":1,"62":1,"63":1,"64":1,"65":1,"66":1,"67":1,"68":3,"69":3,"70":3,"71":6,"72":4,"73":2,"74":2,"75":2,"76":4,"77":4,"78":4,"79":4,"80":4,"81":2,"82":0,"83":2,"84":2,"85":2,"86":2,"87":2,"88":0,"89":2,"90":2,"91":0,"92":0,"93":0,"94":0,"95":2,"96":4,"97":2,"98":2,"99":6,"100":6,"101":6,"102":9,"103":6,"104":14,"105":14,"106":14,"107":14,"108":14,"109":0,"110":14},"f":{"0":10,"1":2,"2":1,"3":1,"4":1,"5":1,"6":6,"7":3,"8":9,"9":3,"10":3,"11":1,"12":3,"13":4,"14":4,"15":4,"16":2,"17":2,"18":0,"19":4,"20":2,"21":6,"22":9,"23":14,"24":0,"25":14},"b":{"0":[0,2],"1":[2,2],"2":[0,2],"3":[0,2],"4":[0,0],"5":[2,0],"6":[1,0],"7":[1,1,1],"8":[1,0],"9":[1,0],"10":[1,0],"11":[0,1],"12":[0,0],"13":[0,0],"14":[0,1],"15":[1,1],"16":[0,1],"17":[1,0],"18":[1,1],"19":[1,0],"20":[1,0],"21":[1,0],"22":[1,0],"23":[2,1],"24":[1,0],"25":[1,0],"26":[1,1],"27":[1,0],"28":[2,2],"29":[2,2],"30":[0,2],"31":[0,2],"32":[0,0],"33":[14,9],"34":[14,12],"35":[2,12],"36":[14,2],"37":[14,0],"38":[2,12],"39":[0,12],"40":[2,12],"41":[14,12],"42":[14,12,12]},"_coverageSchema":"1a1c01bbd47fc00a2c39e90264f33305004495a9","hash":"cb21b4b54352af1bcdb4a15f385445097aa548d8"},"/workspaces/asterism/services/polaris/src/App.js":{"path":"/workspaces/asterism/services/polaris/src/App.js","statementMap":{"0":{"start":{"line":7,"column":12},"end":{"line":15,"column":1}},"1":{"start":{"line":8,"column":2},"end":{"line":14,"column":8}}},"fnMap":{"0":{"name":"(anonymous_0)","decl":{"start":{"line":7,"column":12},"end":{"line":7,"column":13}},"loc":{"start":{"line":8,"column":2},"end":{"line":14,"column":8}},"line":8}},"branchMap":{},"s":{"0":1,"1":1},"f":{"0":1},"b":{},"_coverageSchema":"1a1c01bbd47fc00a2c39e90264f33305004495a9","hash":"67a03d2b6ab62eaecb105da114b8ae8fc5eaf4b5"}}}
